ARM GAS  /tmp/cclRTHLh.s 			page 1


   1              		.cpu cortex-m7
   2              		.arch armv7e-m
   3              		.fpu fpv5-d16
   4              		.eabi_attribute 28, 1
   5              		.eabi_attribute 20, 1
   6              		.eabi_attribute 21, 1
   7              		.eabi_attribute 23, 3
   8              		.eabi_attribute 24, 1
   9              		.eabi_attribute 25, 1
  10              		.eabi_attribute 26, 1
  11              		.eabi_attribute 30, 1
  12              		.eabi_attribute 34, 1
  13              		.eabi_attribute 18, 4
  14              		.file	"charging.cpp"
  15              		.text
  16              	.Ltext0:
  17              		.cfi_sections	.debug_frame
  18              		.file 1 "Core/Src/charging.cpp"
  19              		.section	.text._Z16chargingPeriodicv,"ax",%progbits
  20              		.align	1
  21              		.global	_Z16chargingPeriodicv
  22              		.syntax unified
  23              		.thumb
  24              		.thumb_func
  26              	_Z16chargingPeriodicv:
  27              		.fnstart
  28              	.LFB0:
   1:Core/Src/charging.cpp **** //
   2:Core/Src/charging.cpp **** // Created by rolandwang on 11/12/2023.
   3:Core/Src/charging.cpp **** //
   4:Core/Src/charging.cpp **** 
   5:Core/Src/charging.cpp **** #include "charging.h"
   6:Core/Src/charging.cpp **** 
   7:Core/Src/charging.cpp **** void chargingPeriodic() {
  29              		.loc 1 7 25 view -0
  30              		.cfi_startproc
  31              		@ args = 0, pretend = 0, frame = 0
  32              		@ frame_needed = 0, uses_anonymous_args = 0
  33              		@ link register save eliminated.
   8:Core/Src/charging.cpp **** 
   9:Core/Src/charging.cpp **** }
  34              		.loc 1 9 1 is_stmt 0 view .LVU1
  35 0000 7047     		bx	lr
  36              		.cfi_endproc
  37              	.LFE0:
  38              		.cantunwind
  39              		.fnend
  41              		.text
  42              	.Letext0:
ARM GAS  /tmp/cclRTHLh.s 			page 2


DEFINED SYMBOLS
                            *ABS*:00000000 charging.cpp
     /tmp/cclRTHLh.s:20     .text._Z16chargingPeriodicv:00000000 $t
     /tmp/cclRTHLh.s:26     .text._Z16chargingPeriodicv:00000000 _Z16chargingPeriodicv
.ARM.exidx.text._Z16chargingPeriodicv:00000000 $d

NO UNDEFINED SYMBOLS
