ARM GAS  /tmp/ccqHgBAZ.s 			page 1


   1              		.cpu cortex-m7
   2              		.arch armv7e-m
   3              		.fpu fpv5-d16
   4              		.eabi_attribute 28, 1
   5              		.eabi_attribute 20, 1
   6              		.eabi_attribute 21, 1
   7              		.eabi_attribute 23, 3
   8              		.eabi_attribute 24, 1
   9              		.eabi_attribute 25, 1
  10              		.eabi_attribute 26, 1
  11              		.eabi_attribute 30, 1
  12              		.eabi_attribute 34, 1
  13              		.eabi_attribute 18, 4
  14              		.file	"vsense.cpp"
  15              		.text
  16              	.Ltext0:
  17              		.cfi_sections	.debug_frame
  18              		.file 1 "Core/Src/vsense.cpp"
  19              		.section	.text._Z18getTractiveVoltagev,"ax",%progbits
  20              		.align	1
  21              		.global	_Z18getTractiveVoltagev
  22              		.syntax unified
  23              		.thumb
  24              		.thumb_func
  26              	_Z18getTractiveVoltagev:
  27              		.fnstart
  28              	.LFB1279:
   1:Core/Src/vsense.cpp **** //
   2:Core/Src/vsense.cpp **** // Created by rolandwang on 11/12/2023.
   3:Core/Src/vsense.cpp **** //
   4:Core/Src/vsense.cpp **** 
   5:Core/Src/vsense.cpp **** #include "vsense.h"
   6:Core/Src/vsense.cpp **** #include "adc.h"
   7:Core/Src/vsense.cpp **** float getTractiveVoltage() {
  29              		.loc 1 7 28 view -0
  30              		.cfi_startproc
  31              		@ args = 0, pretend = 0, frame = 0
  32              		@ frame_needed = 0, uses_anonymous_args = 0
  33 0000 08B5     		push	{r3, lr}
  34              		.save {r3, lr}
  35              		.cfi_def_cfa_offset 8
  36              		.cfi_offset 3, -8
  37              		.cfi_offset 14, -4
   8:Core/Src/vsense.cpp ****     //insert calculations needed
   9:Core/Src/vsense.cpp ****     float VSenseVoltage = getVSense();
  38              		.loc 1 9 5 view .LVU1
  39              		.loc 1 9 36 is_stmt 0 view .LVU2
  40 0002 FFF7FEFF 		bl	getVSense
  41              	.LVL0:
  10:Core/Src/vsense.cpp ****     return VSenseVoltage;
  42              		.loc 1 10 5 is_stmt 1 view .LVU3
  11:Core/Src/vsense.cpp **** }
  43              		.loc 1 11 1 is_stmt 0 view .LVU4
  44 0006 08BD     		pop	{r3, pc}
  45              		.cfi_endproc
  46              	.LFE1279:
  47              		.fnend
ARM GAS  /tmp/ccqHgBAZ.s 			page 2


  49              		.text
  50              	.Letext0:
  51              		.file 2 "/home/p7810456/.config/Code/User/globalStorage/bmd.stm32-for-vscode/@xpack-dev-tools/arm-
  52              		.file 3 "/home/p7810456/.config/Code/User/globalStorage/bmd.stm32-for-vscode/@xpack-dev-tools/arm-
  53              		.file 4 "/home/p7810456/.config/Code/User/globalStorage/bmd.stm32-for-vscode/@xpack-dev-tools/arm-
  54              		.file 5 "/home/p7810456/.config/Code/User/globalStorage/bmd.stm32-for-vscode/@xpack-dev-tools/arm-
  55              		.file 6 "/home/p7810456/.config/Code/User/globalStorage/bmd.stm32-for-vscode/@xpack-dev-tools/arm-
  56              		.file 7 "/home/p7810456/.config/Code/User/globalStorage/bmd.stm32-for-vscode/@xpack-dev-tools/arm-
  57              		.file 8 "/home/p7810456/.config/Code/User/globalStorage/bmd.stm32-for-vscode/@xpack-dev-tools/arm-
  58              		.file 9 "/home/p7810456/.config/Code/User/globalStorage/bmd.stm32-for-vscode/@xpack-dev-tools/arm-
  59              		.file 10 "/home/p7810456/.config/Code/User/globalStorage/bmd.stm32-for-vscode/@xpack-dev-tools/arm
  60              		.file 11 "/home/p7810456/.config/Code/User/globalStorage/bmd.stm32-for-vscode/@xpack-dev-tools/arm
  61              		.file 12 "/home/p7810456/.config/Code/User/globalStorage/bmd.stm32-for-vscode/@xpack-dev-tools/arm
  62              		.file 13 "/home/p7810456/.config/Code/User/globalStorage/bmd.stm32-for-vscode/@xpack-dev-tools/arm
  63              		.file 14 "Core/Inc/thermal.h"
  64              		.file 15 "Core/Inc/cells.h"
  65              		.file 16 "Core/Inc/adc.h"
ARM GAS  /tmp/ccqHgBAZ.s 			page 3


DEFINED SYMBOLS
                            *ABS*:00000000 vsense.cpp
     /tmp/ccqHgBAZ.s:20     .text._Z18getTractiveVoltagev:00000000 $t
     /tmp/ccqHgBAZ.s:26     .text._Z18getTractiveVoltagev:00000000 _Z18getTractiveVoltagev
.ARM.extab.text._Z18getTractiveVoltagev:00000000 $d
.ARM.exidx.text._Z18getTractiveVoltagev:00000000 $d

UNDEFINED SYMBOLS
getVSense
__aeabi_unwind_cpp_pr1
